[INFO ] 2026-04-15 10:34:29.885 [main] ReportManager - 
[0;7m------------------------------------------------------------------------------------------------------------------------------------------------
                                                    Powered by [1mSHAFT v.7.4.20231015[22m                                                    
------------------------------------------------------------------------------------------------------------------------------------------------
[0m
[INFO ] 2026-04-15 10:34:32.710 [main] ReportManager - Loaded OpenCV "opencv_java470".
[INFO ] 2026-04-15 10:34:32.710 [main] ReportManager - Initializing Allure Reporting Environment...
[INFO ] 2026-04-15 10:34:32.869 [main] ReportManager - Initializing Summary Reporting Environment...
[INFO ] 2026-04-15 10:34:32.901 [main] ReportManager - TestNG run detected...
[INFO ] 2026-04-15 10:34:33.121 [main] Utils - [TestNG] Running:
  C:\Users\sheen\AppData\Local\JetBrains\IdeaIC2025.2\temp-testng-customsuite.xml

[INFO ] 2026-04-15 10:34:33.139 [main] ReportManager - 
[0;7m------------------------------------------------------------------------------------------------------------------------------------------------
                                             Starting execution of suite setup configuration method                                             
                                          'com.shaft.listeners.internal.ConfigurationHelper.suiteSetup'                                          
------------------------------------------------------------------------------------------------------------------------------------------------
[0m
[INFO ] 2026-04-15 10:34:33.266 [main] ReportManager - Initializing Important Links...
[INFO ] 2026-04-15 10:34:33.276 [main] ReportManager - Initializing Properties...
[INFO ] 2026-04-15 10:34:33.361 [main] ReportManager - 
[0;7m------------------------------------------------------------------------------------------------------------------------------------------------
                                             Starting execution of setup browse configuration method                                             
                                      'AdminPages.Admin.Company.Department.CreateDepartment_TC.setupBrowse'                                      
------------------------------------------------------------------------------------------------------------------------------------------------
[0m
[INFO ] 2026-04-15 10:34:33.397 [main] ReportManager - Setting "targetOperatingSystem" property with "windows".
[INFO ] 2026-04-15 10:34:33.409 [main] ReportManager - Capabilities {acceptInsecureCerts: true, browserName: chrome, goog:chromeOptions: {args: [--start-maximized, --remote-allow-origins=*, --enable-automation, --disable-background-timer-..., --disable-backgrounding-occ..., --disable-features=Calculat..., --disable-hang-monitor, --disable-domain-reliability, --disable-renderer-backgrou..., --disable-features=Autofill..., --metrics-recording-only, --no-first-run, --no-default-browser-check, --silent-debugger-extension..., --disable-extensions, --disable-component-extensi..., --disable-dev-shm-usage, --disable-features=MediaRouter, --disable-features=Translate, --disable-ipc-flooding-prot..., --disable-background-networ..., --mute-audio, --disable-breakpad, --ignore-certificate-errors, --disable-device-discovery-..., --force-color-profile=srgb, --hide-scrollbars, --host-resolver-rules, --no-pings, --disable-features=AvoidUnn..., --disable-features=Certific..., --disable-sync, --disable-features=Optimiza..., --disable-features=DialMedi..., --disable-features=GlobalMe..., --disable-features=Improved..., --disable-features=LazyFram..., --disable-field-trial-config, --enable-features=NetworkSe..., --enable-features=NetworkSe..., --enable-use-zoom-for-dsf, --log-net-log, --net-log-capture-mode, --disable-client-side-phish..., --disable-default-apps, --disable-features=Interest...], extensions: [], prefs: {download.default_directory: C:\Users\sheen\Latest\targe..., download.prompt_for_download: false, profile.default_content_settings.popups: 0}}, pageLoadStrategy: none, timeouts: {pageLoad: 60000, script: 30000}, unhandledPromptBehavior: ignore, webSocketUrl: true}
[INFO ] 2026-04-15 10:34:33.409 [main] ReportManager - Attempting to run locally on: "windows | Chrome".
[INFO ] 2026-04-15 10:34:33.409 [main] ReportManager - Identifying OS/Driver combination. Please note that if a new browser/driver executable will be downloaded it may take some time depending on your connection...
[WARN ] 2026-04-15 10:34:37.436 [main] ReportManager - Apr 15, 2026 10:34:37 AM org.openqa.selenium.devtools.CdpVersionFinder findNearestMatch
[WARN ] 2026-04-15 10:34:37.436 [main] ReportManager - WARNING: Unable to find CDP implementation matching 146
[WARN ] 2026-04-15 10:34:37.438 [main] ReportManager - Apr 15, 2026 10:34:37 AM org.openqa.selenium.chromium.ChromiumDriver lambda$new$5
[WARN ] 2026-04-15 10:34:37.438 [main] ReportManager - WARNING: Unable to find version of CDP to use for 146.0.7680.180. You may need to include a dependency on a specific version of the CDP using something similar to `org.seleniumhq.selenium:selenium-devtools-v86:4.13.0` where the version ("v86") matches the version of the chromium-based browser you're using and the version number of the artifact is the same as Selenium's.
[INFO ] 2026-04-15 10:34:37.446 [main] ReportManager - Successfully Opened: "windows | Chrome".
[INFO ] 2026-04-15 10:34:37.533 [main] ReportManager - Target URL: "http://192.168.1.70"
[INFO ] 2026-04-15 10:34:37.604 [main] ReportManager - Initial URL: "about:blank"
[INFO ] 2026-04-15 10:34:38.823 [main] ReportManager - Navigate to url "http://192.168.1.70".
[INFO ] 2026-04-15 10:34:38.823 [main] ReportManager - 
[0;7m------------------------------------------------------------------------------------------------------------------------------------------------
                                                 Starting execution of sign configuration method                                                 
                                         'AdminPages.Admin.Company.Department.CreateDepartment_TC.sign'                                         
------------------------------------------------------------------------------------------------------------------------------------------------
[0m
[INFO ] 2026-04-15 10:34:39.281 [main] ReportManager - Type "E.saady" into "Username *".
[INFO ] 2026-04-15 10:34:39.598 [main] ReportManager - Type "qqE6)Cxp6>B8" into "Password * Forgot Password?".
[INFO ] 2026-04-15 10:34:39.929 [main] ReportManager - Moved the mouse to the middle of the element.
[INFO ] 2026-04-15 10:34:40.029 [main] ReportManager - Click "Login".
[INFO ] 2026-04-15 10:34:41.515 [main] ReportManager - Moved the mouse to the middle of the element.
[INFO ] 2026-04-15 10:34:41.813 [main] ReportManager - Click "Admin".
[INFO ] 2026-04-15 10:34:42.141 [main] ReportManager - Moved the mouse to the middle of the element.
[INFO ] 2026-04-15 10:34:42.226 [main] ReportManager - Click "By.xpath: //span[normalize-space()='Company']".
[INFO ] 2026-04-15 10:34:42.550 [main] ReportManager - Moved the mouse to the middle of the element.
[INFO ] 2026-04-15 10:34:42.647 [main] ReportManager - Click "By.xpath: (//li[@class="child ng-star-inserted"])[3]".
[INFO ] 2026-04-15 10:34:42.823 [main] ReportManager - 
[0;7m------------------------------------------------------------------------------------------------------------------------------------------------
                                        Starting Execution: '1 out of 1' test cases in the current suite                                        
                             Test Method: 'AdminPages.Admin.Company.Department.CreateDepartment_TC.CreateDepartment'                             
------------------------------------------------------------------------------------------------------------------------------------------------
[0m
